KSUDS/build/app/intermediates/manifest_merge_blame_file/debug/manifest-merger-blame-debug-report.txt
1<?xml version="1.0" encoding="utf-8"?>
2<manifest xmlns:android="http://schemas.android.com/apk/res/android"
3    package="com.example.kcds"
4    android:versionCode="1"
5    android:versionName="1.0.0" >
6
7    <uses-sdk
8        android:minSdkVersion="21"
9        android:targetSdkVersion="30" />
10    <!--
11         Flutter needs it to communicate with the running application
12         to allow setting breakpoints, to provide hot reload, etc.
13    -->
14    <uses-permission android:name="android.permission.INTERNET" />
14-->src\main\AndroidManifest.xml:3:5-67
14-->src\main\AndroidManifest.xml:3:22-64
15    <uses-permission android:name="android.permission.ACCESS_FINE_LOCATION" />
15-->src\main\AndroidManifest.xml:4:5-79
15-->src\main\AndroidManifest.xml:4:22-76
16    <uses-permission android:name="android.permission.ACCESS_COARSE_LOCATION" />
16-->src\main\AndroidManifest.xml:5:5-81
16-->src\main\AndroidManifest.xml:5:22-78
17    <uses-permission android:name="android.permission.ACCESS_BACKGROUND_LOCATION" />
17-->src\main\AndroidManifest.xml:6:5-85
17-->src\main\AndroidManifest.xml:6:22-82
18    <uses-permission android:name="android.permission.WAKE_LOCK" />
18-->src\main\AndroidManifest.xml:7:5-68
18-->src\main\AndroidManifest.xml:7:22-65
19    <uses-permission android:name="android.permission.FOREGROUND_SERVICE" />
19-->src\main\AndroidManifest.xml:8:5-77
19-->src\main\AndroidManifest.xml:8:22-74
20    <uses-permission android:name="android.permission.RECEIVE_BOOT_COMPLETED" />
20-->src\main\AndroidManifest.xml:9:5-80
20-->src\main\AndroidManifest.xml:9:22-78
21
22    <queries>
22-->src\main\AndroidManifest.xml:70:5-83:15
23        <intent>
23-->src\main\AndroidManifest.xml:71:9-74:18
24            <action android:name="android.intent.action.VIEW" />
24-->src\main\AndroidManifest.xml:72:13-65
24-->src\main\AndroidManifest.xml:72:21-62
25
26            <data android:scheme="https" />
26-->src\main\AndroidManifest.xml:73:13-44
26-->src\main\AndroidManifest.xml:73:19-41
27        </intent>
28        <intent>
28-->src\main\AndroidManifest.xml:75:9-78:18
29            <action android:name="android.intent.action.DIAL" />
29-->src\main\AndroidManifest.xml:76:13-65
29-->src\main\AndroidManifest.xml:76:21-62
30
31            <data android:scheme="tel" />
31-->src\main\AndroidManifest.xml:73:13-44
31-->src\main\AndroidManifest.xml:73:19-41
32        </intent>
33        <intent>
33-->src\main\AndroidManifest.xml:79:9-82:18
34            <action android:name="android.intent.action.SEND" />
34-->src\main\AndroidManifest.xml:80:13-65
34-->src\main\AndroidManifest.xml:80:21-62
35
36            <data android:mimeType="*/*" />
36-->src\main\AndroidManifest.xml:73:13-44
37        </intent>
38    </queries>
39
40    <uses-permission android:name="android.permission.ACCESS_NETWORK_STATE" />
40-->[:firebase_messaging] AndroidManifest.xml:9:5-79
40-->[:firebase_messaging] AndroidManifest.xml:9:22-76
41    <uses-permission android:name="android.permission.VIBRATE" />
41-->[:flutter_local_notifications] AndroidManifest.xml:8:5-66
41-->[:flutter_local_notifications] AndroidManifest.xml:8:22-63
42    <uses-permission android:name="android.permission.USE_FULL_SCREEN_INTENT" />
42-->[:flutter_local_notifications] AndroidManifest.xml:9:5-81
42-->[:flutter_local_notifications] AndroidManifest.xml:9:22-78
43    <uses-permission android:name="android.permission.SCHEDULE_EXACT_ALARM" /> <!-- Required by older versions of Google Play services to create IID tokens -->
43-->[:flutter_local_notifications] AndroidManifest.xml:10:5-79
43-->[:flutter_local_notifications] AndroidManifest.xml:10:22-76
44    <uses-permission android:name="com.google.android.c2dm.permission.RECEIVE" />
44-->[com.google.firebase:firebase-messaging:23.0.3] AndroidManifest.xml:28:5-82
44-->[com.google.firebase:firebase-messaging:23.0.3] AndroidManifest.xml:28:22-79
45    <uses-permission android:name="com.google.android.gms.permission.AD_ID" />
45-->[com.google.android.gms:play-services-measurement-api:20.1.2] AndroidManifest.xml:25:5-79
45-->[com.google.android.gms:play-services-measurement-api:20.1.2] AndroidManifest.xml:25:22-76
46    <uses-permission android:name="com.google.android.finsky.permission.BIND_GET_INSTALL_REFERRER_SERVICE" />
46-->[com.google.android.gms:play-services-measurement:20.1.2] AndroidManifest.xml:26:5-110
46-->[com.google.android.gms:play-services-measurement:20.1.2] AndroidManifest.xml:26:22-107
47
48    <uses-feature
48-->[com.google.android.gms:play-services-maps:17.0.0] AndroidManifest.xml:26:5-28:35
49        android:glEsVersion="0x00020000"
49-->[com.google.android.gms:play-services-maps:17.0.0] AndroidManifest.xml:27:9-41
50        android:required="true" />
50-->[com.google.android.gms:play-services-maps:17.0.0] AndroidManifest.xml:28:9-32
51
52    <application
53        android:name="android.app.Application"
54        android:appComponentFactory="androidx.core.app.CoreComponentFactory"
54-->[androidx.core:core:1.7.0] AndroidManifest.xml:24:18-86
55        android:debuggable="true"
56        android:icon="@mipmap/launcher_icon"
57        android:label="KSUDS" >
58        <meta-data
59            android:name="com.google.android.geo.API_KEY"
60            android:value="AIzaSyAwnC--Al1DCJdqPecCf1Lpd1Y_fYRUxoQ" />
61
62        <activity
63            android:name="com.example.kcds.MainActivity"
64            android:configChanges="orientation|keyboardHidden|keyboard|screenSize|smallestScreenSize|locale|layoutDirection|fontScale|screenLayout|density|uiMode"
65            android:exported="true"
66            android:hardwareAccelerated="true"
67            android:launchMode="singleTop"
68            android:theme="@style/LaunchTheme"
69            android:windowSoftInputMode="adjustResize" >
70
71            <!--
72                 Specifies an Android theme to apply to this Activity as soon as
73                 the Android process has started. This theme is visible to the user
74                 while the Flutter UI initializes. After that, this theme continues
75                 to determine the Window background behind the Flutter UI.
76            -->
77            <meta-data
78                android:name="io.flutter.embedding.android.NormalTheme"
79                android:resource="@style/NormalTheme" />
80
81            <intent-filter>
82                <action android:name="android.intent.action.MAIN" />
83
84                <category android:name="android.intent.category.LAUNCHER" />
85            </intent-filter>
86        </activity>
87        <!--
88             Don't delete the meta-data below.
89             This is used by the Flutter tool to generate GeneratedPluginRegistrant.java
90        -->
91        <meta-data
92            android:name="flutterEmbedding"
93            android:value="2" />
94
95        <receiver
96            android:name="rekab.app.background_locator.LocatorBroadcastReceiver"
97            android:enabled="true"
98            android:exported="true" />
99        <receiver
100            android:name="rekab.app.background_locator.BootBroadcastReceiver"
101            android:enabled="true" >
102            <intent-filter>
103                <action android:name="android.intent.action.BOOT_COMPLETED" />
103-->[:flutter_local_notifications] AndroidManifest.xml:20:17-79
103-->[:flutter_local_notifications] AndroidManifest.xml:20:25-76
104            </intent-filter>
105        </receiver>
106
107        <service
108            android:name="rekab.app.background_locator.LocatorService"
109            android:exported="true"
110            android:permission="android.permission.BIND_JOB_SERVICE" />
111        <service
112            android:name="rekab.app.background_locator.IsolateHolderService"
113            android:exported="true"
114            android:permission="android.permission.FOREGROUND_SERVICE" />
115        <service
115-->[:firebase_messaging] AndroidManifest.xml:12:9-15:72
116            android:name="io.flutter.plugins.firebase.messaging.FlutterFirebaseMessagingBackgroundService"
116-->[:firebase_messaging] AndroidManifest.xml:13:13-107
117            android:exported="false"
117-->[:firebase_messaging] AndroidManifest.xml:14:13-37
118            android:permission="android.permission.BIND_JOB_SERVICE" />
118-->[:firebase_messaging] AndroidManifest.xml:15:13-69
119        <service
119-->[:firebase_messaging] AndroidManifest.xml:16:9-22:19
120            android:name="io.flutter.plugins.firebase.messaging.FlutterFirebaseMessagingService"
120-->[:firebase_messaging] AndroidManifest.xml:17:13-97
121            android:exported="false" >
121-->[:firebase_messaging] AndroidManifest.xml:18:13-37
122            <intent-filter>
122-->[:firebase_messaging] AndroidManifest.xml:19:13-21:29
123                <action android:name="com.google.firebase.MESSAGING_EVENT" />
123-->[:firebase_messaging] AndroidManifest.xml:20:17-78
123-->[:firebase_messaging] AndroidManifest.xml:20:25-75
124            </intent-filter>
125        </service>
126
127        <receiver
127-->[:firebase_messaging] AndroidManifest.xml:24:9-31:20
128            android:name="io.flutter.plugins.firebase.messaging.FlutterFirebaseMessagingReceiver"
128-->[:firebase_messaging] AndroidManifest.xml:25:13-98
129            android:exported="true"
129-->[:firebase_messaging] AndroidManifest.xml:26:13-36
130            android:permission="com.google.android.c2dm.permission.SEND" >
130-->[:firebase_messaging] AndroidManifest.xml:27:13-73
131            <intent-filter>
131-->[:firebase_messaging] AndroidManifest.xml:28:13-30:29
132                <action android:name="com.google.android.c2dm.intent.RECEIVE" />
132-->[:firebase_messaging] AndroidManifest.xml:29:17-81
132-->[:firebase_messaging] AndroidManifest.xml:29:25-78
133            </intent-filter>
134        </receiver>
135
136        <service
136-->[:firebase_messaging] AndroidManifest.xml:33:9-37:19
137            android:name="com.google.firebase.components.ComponentDiscoveryService"
137-->[:firebase_messaging] AndroidManifest.xml:33:18-89
138            android:directBootAware="true"
138-->[com.google.firebase:firebase-common:20.1.0] AndroidManifest.xml:35:13-43
139            android:exported="false" >
139-->[com.google.firebase:firebase-perf:20.0.6] AndroidManifest.xml:22:13-37
140            <meta-data
140-->[:firebase_messaging] AndroidManifest.xml:34:13-36:85
141                android:name="com.google.firebase.components:io.flutter.plugins.firebase.messaging.FlutterFirebaseAppRegistrar"
141-->[:firebase_messaging] AndroidManifest.xml:35:17-128
142                android:value="com.google.firebase.components.ComponentRegistrar" />
142-->[:firebase_messaging] AndroidManifest.xml:36:17-82
143            <meta-data
143-->[:firebase_performance] AndroidManifest.xml:11:13-13:85
144                android:name="com.google.firebase.components:io.flutter.plugins.firebase.performance.FlutterFirebaseAppRegistrar"
144-->[:firebase_performance] AndroidManifest.xml:12:17-130
145                android:value="com.google.firebase.components.ComponentRegistrar" />
145-->[:firebase_performance] AndroidManifest.xml:13:17-82
146            <meta-data
146-->[:cloud_firestore] AndroidManifest.xml:9:13-11:85
147                android:name="com.google.firebase.components:io.flutter.plugins.firebase.firestore.FlutterFirebaseFirestoreRegistrar"
147-->[:cloud_firestore] AndroidManifest.xml:10:17-134
148                android:value="com.google.firebase.components.ComponentRegistrar" />
148-->[:cloud_firestore] AndroidManifest.xml:11:17-82
149            <meta-data
149-->[:firebase_auth] AndroidManifest.xml:9:13-11:85
150                android:name="com.google.firebase.components:io.flutter.plugins.firebase.auth.FlutterFirebaseAuthRegistrar"
150-->[:firebase_auth] AndroidManifest.xml:10:17-124
151                android:value="com.google.firebase.components.ComponentRegistrar" />
151-->[:firebase_auth] AndroidManifest.xml:11:17-82
152            <meta-data
152-->[:firebase_storage] AndroidManifest.xml:9:13-11:85
153                android:name="com.google.firebase.components:io.flutter.plugins.firebase.storage.FlutterFirebaseAppRegistrar"
153-->[:firebase_storage] AndroidManifest.xml:10:17-126
154                android:value="com.google.firebase.components.ComponentRegistrar" />
154-->[:firebase_storage] AndroidManifest.xml:11:17-82
155            <meta-data
155-->[:firebase_core] AndroidManifest.xml:9:13-11:85
156                android:name="com.google.firebase.components:io.flutter.plugins.firebase.core.FlutterFirebaseCoreRegistrar"
156-->[:firebase_core] AndroidManifest.xml:10:17-124
157                android:value="com.google.firebase.components.ComponentRegistrar" />
157-->[:firebase_core] AndroidManifest.xml:11:17-82
158            <meta-data
158-->[com.google.firebase:firebase-perf:20.0.6] AndroidManifest.xml:23:13-25:85
159                android:name="com.google.firebase.components:com.google.firebase.perf.FirebasePerfRegistrar"
159-->[com.google.firebase:firebase-perf:20.0.6] AndroidManifest.xml:24:17-109
160                android:value="com.google.firebase.components.ComponentRegistrar" />
160-->[com.google.firebase:firebase-perf:20.0.6] AndroidManifest.xml:25:17-82
161            <meta-data
161-->[com.google.firebase:firebase-messaging:23.0.3] AndroidManifest.xml:55:13-57:85
162                android:name="com.google.firebase.components:com.google.firebase.messaging.FirebaseMessagingRegistrar"
162-->[com.google.firebase:firebase-messaging:23.0.3] AndroidManifest.xml:56:17-119
163                android:value="com.google.firebase.components.ComponentRegistrar" />
163-->[com.google.firebase:firebase-messaging:23.0.3] AndroidManifest.xml:57:17-82
164            <meta-data
164-->[com.google.firebase:firebase-datatransport:18.1.2] AndroidManifest.xml:28:13-30:85
165                android:name="com.google.firebase.components:com.google.firebase.datatransport.TransportRegistrar"
165-->[com.google.firebase:firebase-datatransport:18.1.2] AndroidManifest.xml:29:17-115
166                android:value="com.google.firebase.components.ComponentRegistrar" />
166-->[com.google.firebase:firebase-datatransport:18.1.2] AndroidManifest.xml:30:17-82
167            <meta-data
167-->[com.google.firebase:firebase-auth:21.0.3] AndroidManifest.xml:67:13-69:85
168                android:name="com.google.firebase.components:com.google.firebase.auth.FirebaseAuthRegistrar"
168-->[com.google.firebase:firebase-auth:21.0.3] AndroidManifest.xml:68:17-109
169                android:value="com.google.firebase.components.ComponentRegistrar" />
169-->[com.google.firebase:firebase-auth:21.0.3] AndroidManifest.xml:69:17-82
170            <meta-data
170-->[com.google.firebase:firebase-firestore:24.1.1] AndroidManifest.xml:20:13-22:85
171                android:name="com.google.firebase.components:com.google.firebase.firestore.FirestoreRegistrar"
171-->[com.google.firebase:firebase-firestore:24.1.1] AndroidManifest.xml:21:17-111
172                android:value="com.google.firebase.components.ComponentRegistrar" />
172-->[com.google.firebase:firebase-firestore:24.1.1] AndroidManifest.xml:22:17-82
173            <meta-data
173-->[com.google.firebase:firebase-config:21.0.2] AndroidManifest.xml:32:13-34:85
174                android:name="com.google.firebase.components:com.google.firebase.remoteconfig.RemoteConfigRegistrar"
174-->[com.google.firebase:firebase-config:21.0.2] AndroidManifest.xml:33:17-117
175                android:value="com.google.firebase.components.ComponentRegistrar" />
175-->[com.google.firebase:firebase-config:21.0.2] AndroidManifest.xml:34:17-82
176            <meta-data
176-->[com.google.firebase:firebase-storage:20.0.1] AndroidManifest.xml:33:13-35:85
177                android:name="com.google.firebase.components:com.google.firebase.storage.StorageRegistrar"
177-->[com.google.firebase:firebase-storage:20.0.1] AndroidManifest.xml:34:17-107
178                android:value="com.google.firebase.components.ComponentRegistrar" />
178-->[com.google.firebase:firebase-storage:20.0.1] AndroidManifest.xml:35:17-82
179            <meta-data
179-->[com.google.android.gms:play-services-measurement-api:20.1.2] AndroidManifest.xml:31:13-33:85
180                android:name="com.google.firebase.components:com.google.firebase.analytics.connector.internal.AnalyticsConnectorRegistrar"
180-->[com.google.android.gms:play-services-measurement-api:20.1.2] AndroidManifest.xml:32:17-139
181                android:value="com.google.firebase.components.ComponentRegistrar" />
181-->[com.google.android.gms:play-services-measurement-api:20.1.2] AndroidManifest.xml:33:17-82
182            <meta-data
182-->[com.google.firebase:firebase-installations:17.0.1] AndroidManifest.xml:18:13-20:85
183                android:name="com.google.firebase.components:com.google.firebase.installations.FirebaseInstallationsRegistrar"
183-->[com.google.firebase:firebase-installations:17.0.1] AndroidManifest.xml:19:17-127
184                android:value="com.google.firebase.components.ComponentRegistrar" />
184-->[com.google.firebase:firebase-installations:17.0.1] AndroidManifest.xml:20:17-82
185            <meta-data
185-->[com.google.firebase:firebase-abt:21.0.1] AndroidManifest.xml:13:13-15:85
186                android:name="com.google.firebase.components:com.google.firebase.abt.component.AbtRegistrar"
186-->[com.google.firebase:firebase-abt:21.0.1] AndroidManifest.xml:14:17-109
187                android:value="com.google.firebase.components.ComponentRegistrar" />
187-->[com.google.firebase:firebase-abt:21.0.1] AndroidManifest.xml:15:17-82
188        </service>
189
190        <provider
190-->[:firebase_messaging] AndroidManifest.xml:39:9-43:38
191            android:name="io.flutter.plugins.firebase.messaging.FlutterFirebaseMessagingInitProvider"
191-->[:firebase_messaging] AndroidManifest.xml:40:13-102
192            android:authorities="com.example.kcds.flutterfirebasemessaginginitprovider"
192-->[:firebase_messaging] AndroidManifest.xml:41:13-88
193            android:exported="false"
193-->[:firebase_messaging] AndroidManifest.xml:42:13-37
194            android:initOrder="99" />
194-->[:firebase_messaging] AndroidManifest.xml:43:13-35
195
196        <service
196-->[:geolocator_android] AndroidManifest.xml:10:9-14:56
197            android:name="com.baseflow.geolocator.GeolocatorLocationService"
197-->[:geolocator_android] AndroidManifest.xml:11:13-77
198            android:enabled="true"
198-->[:geolocator_android] AndroidManifest.xml:12:13-35
199            android:exported="false"
199-->[:geolocator_android] AndroidManifest.xml:13:13-37
200            android:foregroundServiceType="location" />
200-->[:geolocator_android] AndroidManifest.xml:14:13-53
201
202        <receiver
202-->[:flutter_local_notifications] AndroidManifest.xml:13:9-15:40
203            android:name="com.dexterous.flutterlocalnotifications.ScheduledNotificationReceiver"
203-->[:flutter_local_notifications] AndroidManifest.xml:14:13-97
204            android:exported="false" />
204-->[:flutter_local_notifications] AndroidManifest.xml:15:13-37
205        <receiver
205-->[:flutter_local_notifications] AndroidManifest.xml:16:9-25:20
206            android:name="com.dexterous.flutterlocalnotifications.ScheduledNotificationBootReceiver"
206-->[:flutter_local_notifications] AndroidManifest.xml:17:13-101
207            android:exported="false" >
207-->[:flutter_local_notifications] AndroidManifest.xml:18:13-37
208            <intent-filter>
208-->[:flutter_local_notifications] AndroidManifest.xml:19:13-24:29
209                <action android:name="android.intent.action.BOOT_COMPLETED" />
209-->[:flutter_local_notifications] AndroidManifest.xml:20:17-79
209-->[:flutter_local_notifications] AndroidManifest.xml:20:25-76
210                <action android:name="android.intent.action.MY_PACKAGE_REPLACED" />
210-->[:flutter_local_notifications] AndroidManifest.xml:21:17-84
210-->[:flutter_local_notifications] AndroidManifest.xml:21:25-81
211                <action android:name="android.intent.action.QUICKBOOT_POWERON" />
211-->[:flutter_local_notifications] AndroidManifest.xml:22:17-82
211-->[:flutter_local_notifications] AndroidManifest.xml:22:25-79
212                <action android:name="com.htc.intent.action.QUICKBOOT_POWERON" />
212-->[:flutter_local_notifications] AndroidManifest.xml:23:17-82
212-->[:flutter_local_notifications] AndroidManifest.xml:23:25-79
213            </intent-filter>
214        </receiver>
215
216        <provider
216-->[:image_picker_android] AndroidManifest.xml:8:9-16:20
217            android:name="io.flutter.plugins.imagepicker.ImagePickerFileProvider"
217-->[:image_picker_android] AndroidManifest.xml:9:13-82
218            android:authorities="com.example.kcds.flutter.image_provider"
218-->[:image_picker_android] AndroidManifest.xml:10:13-74
219            android:exported="false"
219-->[:image_picker_android] AndroidManifest.xml:11:13-37
220            android:grantUriPermissions="true" >
220-->[:image_picker_android] AndroidManifest.xml:12:13-47
221            <meta-data
221-->[:image_picker_android] AndroidManifest.xml:13:13-15:75
222                android:name="android.support.FILE_PROVIDER_PATHS"
222-->[:image_picker_android] AndroidManifest.xml:14:17-67
223                android:resource="@xml/flutter_image_picker_file_paths" />
223-->[:image_picker_android] AndroidManifest.xml:15:17-72
224        </provider>
225        <provider
225-->[:flutter_email_sender] AndroidManifest.xml:8:9-16:20
226            android:name="com.sidlatau.flutteremailsender.FlutterEmailSenderFileProvider"
226-->[:flutter_email_sender] AndroidManifest.xml:9:13-90
227            android:authorities="com.example.kcds.file_provider"
227-->[:flutter_email_sender] AndroidManifest.xml:10:13-65
228            android:exported="false"
228-->[:flutter_email_sender] AndroidManifest.xml:11:13-37
229            android:grantUriPermissions="true" >
229-->[:flutter_email_sender] AndroidManifest.xml:12:13-47
230            <meta-data
230-->[:image_picker_android] AndroidManifest.xml:13:13-15:75
231                android:name="android.support.FILE_PROVIDER_PATHS"
231-->[:image_picker_android] AndroidManifest.xml:14:17-67
232                android:resource="@xml/shared_file_paths" />
232-->[:image_picker_android] AndroidManifest.xml:15:17-72
233        </provider>
234
235        <activity
235-->[:url_launcher_android] AndroidManifest.xml:8:9-11:74
236            android:name="io.flutter.plugins.urllauncher.WebViewActivity"
236-->[:url_launcher_android] AndroidManifest.xml:9:13-74
237            android:exported="false"
237-->[:url_launcher_android] AndroidManifest.xml:10:13-37
238            android:theme="@android:style/Theme.NoTitleBar.Fullscreen" />
238-->[:url_launcher_android] AndroidManifest.xml:11:13-71
239
240        <service
240-->[:background_location] AndroidManifest.xml:12:9-17:37
241            android:name="com.almoullim.background_location.LocationUpdatesService"
241-->[:background_location] AndroidManifest.xml:13:13-84
242            android:enabled="true"
242-->[:background_location] AndroidManifest.xml:14:13-35
243            android:exported="true"
243-->[:background_location] AndroidManifest.xml:15:13-36
244            android:foregroundServiceType="location"
244-->[:background_location] AndroidManifest.xml:16:13-53
245            android:permission="" />
245-->[:background_location] AndroidManifest.xml:17:13-34
246        <service
246-->[:location] AndroidManifest.xml:11:9-15:56
247            android:name="com.lyokone.location.FlutterLocationService"
247-->[:location] AndroidManifest.xml:12:13-71
248            android:enabled="true"
248-->[:location] AndroidManifest.xml:13:13-35
249            android:exported="false"
249-->[:location] AndroidManifest.xml:14:13-37
250            android:foregroundServiceType="location" />
250-->[:location] AndroidManifest.xml:15:13-53
251
252        <uses-library
252-->[androidx.window:window:1.0.0-beta04] AndroidManifest.xml:25:9-27:40
253            android:name="androidx.window.extensions"
253-->[androidx.window:window:1.0.0-beta04] AndroidManifest.xml:26:13-54
254            android:required="false" />
254-->[androidx.window:window:1.0.0-beta04] AndroidManifest.xml:27:13-37
255        <uses-library
255-->[androidx.window:window:1.0.0-beta04] AndroidManifest.xml:28:9-30:40
256            android:name="androidx.window.sidecar"
256-->[androidx.window:window:1.0.0-beta04] AndroidManifest.xml:29:13-51
257            android:required="false" />
257-->[androidx.window:window:1.0.0-beta04] AndroidManifest.xml:30:13-37
258
259        <provider
259-->[com.google.firebase:firebase-perf:20.0.6] AndroidManifest.xml:14:9-18:39
260            android:name="com.google.firebase.perf.provider.FirebasePerfProvider"
260-->[com.google.firebase:firebase-perf:20.0.6] AndroidManifest.xml:15:13-82
261            android:authorities="com.example.kcds.firebaseperfprovider"
261-->[com.google.firebase:firebase-perf:20.0.6] AndroidManifest.xml:16:13-72
262            android:exported="false"
262-->[com.google.firebase:firebase-perf:20.0.6] AndroidManifest.xml:17:13-37
263            android:initOrder="101" />
263-->[com.google.firebase:firebase-perf:20.0.6] AndroidManifest.xml:18:13-36
264
265        <receiver
265-->[com.google.firebase:firebase-messaging:23.0.3] AndroidManifest.xml:31:9-38:20
266            android:name="com.google.firebase.iid.FirebaseInstanceIdReceiver"
266-->[com.google.firebase:firebase-messaging:23.0.3] AndroidManifest.xml:32:13-78
267            android:exported="true"
267-->[com.google.firebase:firebase-messaging:23.0.3] AndroidManifest.xml:33:13-36
268            android:permission="com.google.android.c2dm.permission.SEND" >
268-->[com.google.firebase:firebase-messaging:23.0.3] AndroidManifest.xml:34:13-73
269            <intent-filter>
269-->[:firebase_messaging] AndroidManifest.xml:28:13-30:29
270                <action android:name="com.google.android.c2dm.intent.RECEIVE" />
270-->[:firebase_messaging] AndroidManifest.xml:29:17-81
270-->[:firebase_messaging] AndroidManifest.xml:29:25-78
271            </intent-filter>
272        </receiver>
273        <!--
274             FirebaseMessagingService performs security checks at runtime,
275             but set to not exported to explicitly avoid allowing another app to call it.
276        -->
277        <service
277-->[com.google.firebase:firebase-messaging:23.0.3] AndroidManifest.xml:44:9-51:19
278            android:name="com.google.firebase.messaging.FirebaseMessagingService"
278-->[com.google.firebase:firebase-messaging:23.0.3] AndroidManifest.xml:45:13-82
279            android:directBootAware="true"
279-->[com.google.firebase:firebase-messaging:23.0.3] AndroidManifest.xml:46:13-43
280            android:exported="false" >
280-->[com.google.firebase:firebase-messaging:23.0.3] AndroidManifest.xml:47:13-37
281            <intent-filter android:priority="-500" >
281-->[:firebase_messaging] AndroidManifest.xml:19:13-21:29
282                <action android:name="com.google.firebase.MESSAGING_EVENT" />
282-->[:firebase_messaging] AndroidManifest.xml:20:17-78
282-->[:firebase_messaging] AndroidManifest.xml:20:25-75
283            </intent-filter>
284        </service>
285        <service
285-->[com.google.android.datatransport:transport-backend-cct:3.1.3] AndroidManifest.xml:29:9-35:19
286            android:name="com.google.android.datatransport.runtime.backends.TransportBackendDiscovery"
286-->[com.google.android.datatransport:transport-backend-cct:3.1.3] AndroidManifest.xml:30:13-103
287            android:exported="false" >
287-->[com.google.android.datatransport:transport-backend-cct:3.1.3] AndroidManifest.xml:31:13-37
288            <meta-data
288-->[com.google.android.datatransport:transport-backend-cct:3.1.3] AndroidManifest.xml:32:13-34:39
289                android:name="backend:com.google.android.datatransport.cct.CctBackendFactory"
289-->[com.google.android.datatransport:transport-backend-cct:3.1.3] AndroidManifest.xml:33:17-94
290                android:value="cct" />
290-->[com.google.android.datatransport:transport-backend-cct:3.1.3] AndroidManifest.xml:34:17-36
291        </service>
292        <service
292-->[com.google.android.datatransport:transport-runtime:3.1.3] AndroidManifest.xml:26:9-30:19
293            android:name="com.google.android.datatransport.runtime.scheduling.jobscheduling.JobInfoSchedulerService"
293-->[com.google.android.datatransport:transport-runtime:3.1.3] AndroidManifest.xml:27:13-117
294            android:exported="false"
294-->[com.google.android.datatransport:transport-runtime:3.1.3] AndroidManifest.xml:28:13-37
295            android:permission="android.permission.BIND_JOB_SERVICE" >
295-->[com.google.android.datatransport:transport-runtime:3.1.3] AndroidManifest.xml:29:13-69
296        </service>
297
298        <receiver
298-->[com.google.android.datatransport:transport-runtime:3.1.3] AndroidManifest.xml:32:9-34:40
299            android:name="com.google.android.datatransport.runtime.scheduling.jobscheduling.AlarmManagerSchedulerBroadcastReceiver"
299-->[com.google.android.datatransport:transport-runtime:3.1.3] AndroidManifest.xml:33:13-132
300            android:exported="false" />
300-->[com.google.android.datatransport:transport-runtime:3.1.3] AndroidManifest.xml:34:13-37
301
302        <activity
302-->[com.google.firebase:firebase-auth:21.0.3] AndroidManifest.xml:27:9-44:20
303            android:name="com.google.firebase.auth.internal.GenericIdpActivity"
303-->[com.google.firebase:firebase-auth:21.0.3] AndroidManifest.xml:28:13-80
304            android:excludeFromRecents="true"
304-->[com.google.firebase:firebase-auth:21.0.3] AndroidManifest.xml:29:13-46
305            android:exported="true"
305-->[com.google.firebase:firebase-auth:21.0.3] AndroidManifest.xml:30:13-36
306            android:launchMode="singleTask"